<?xml version="1.0" encoding="UTF-8"?>
<testsuites name="jest tests" tests="18" failures="0" errors="0" time="1.562">
  <testsuite name="프로토콜 누락 문제 해결 검증" errors="0" failures="0" skipped="0" timestamp="2025-08-17T16:06:35" time="1.159" tests="18">
    <testcase classname="프로토콜 누락 문제 해결 검증 1. normalizeUrl 함수 개선 검증 프로토콜 없는 URL에 자동으로 https:// 추가" name="프로토콜 누락 문제 해결 검증 1. normalizeUrl 함수 개선 검증 프로토콜 없는 URL에 자동으로 https:// 추가" time="0.005">
    </testcase>
    <testcase classname="프로토콜 누락 문제 해결 검증 1. normalizeUrl 함수 개선 검증 이미 프로토콜이 있는 경우 그대로 유지" name="프로토콜 누락 문제 해결 검증 1. normalizeUrl 함수 개선 검증 이미 프로토콜이 있는 경우 그대로 유지" time="0.002">
    </testcase>
    <testcase classname="프로토콜 누락 문제 해결 검증 1. normalizeUrl 함수 개선 검증 위험한 패턴 감지 및 차단" name="프로토콜 누락 문제 해결 검증 1. normalizeUrl 함수 개선 검증 위험한 패턴 감지 및 차단" time="0.013">
    </testcase>
    <testcase classname="프로토콜 누락 문제 해결 검증 1. normalizeUrl 함수 개선 검증 빈 값이나 잘못된 값 처리" name="프로토콜 누락 문제 해결 검증 1. normalizeUrl 함수 개선 검증 빈 값이나 잘못된 값 처리" time="0.003">
    </testcase>
    <testcase classname="프로토콜 누락 문제 해결 검증 1. normalizeUrl 함수 개선 검증 트레일링 슬래시 제거" name="프로토콜 누락 문제 해결 검증 1. normalizeUrl 함수 개선 검증 트레일링 슬래시 제거" time="0.002">
    </testcase>
    <testcase classname="프로토콜 누락 문제 해결 검증 2. URL 구성 문제 재현 및 해결 상대 경로 문제 시뮬레이션" name="프로토콜 누락 문제 해결 검증 2. URL 구성 문제 재현 및 해결 상대 경로 문제 시뮬레이션" time="0.003">
    </testcase>
    <testcase classname="프로토콜 누락 문제 해결 검증 2. URL 구성 문제 재현 및 해결 Fetch API URL 구성 테스트" name="프로토콜 누락 문제 해결 검증 2. URL 구성 문제 재현 및 해결 Fetch API URL 구성 테스트" time="0.003">
    </testcase>
    <testcase classname="프로토콜 누락 문제 해결 검증 3. 현재 API_BASE_URL 설정 검증 API_BASE_URL이 올바른 프로토콜을 포함해야 함" name="프로토콜 누락 문제 해결 검증 3. 현재 API_BASE_URL 설정 검증 API_BASE_URL이 올바른 프로토콜을 포함해야 함" time="0.001">
    </testcase>
    <testcase classname="프로토콜 누락 문제 해결 검증 3. 현재 API_BASE_URL 설정 검증 API_BASE_URL로 정상적인 URL 구성 가능" name="프로토콜 누락 문제 해결 검증 3. 현재 API_BASE_URL 설정 검증 API_BASE_URL로 정상적인 URL 구성 가능" time="0.002">
    </testcase>
    <testcase classname="프로토콜 누락 문제 해결 검증 3. 현재 API_BASE_URL 설정 검증 실제 API 요청 URL 형식 검증" name="프로토콜 누락 문제 해결 검증 3. 현재 API_BASE_URL 설정 검증 실제 API 요청 URL 형식 검증" time="0.001">
    </testcase>
    <testcase classname="프로토콜 누락 문제 해결 검증 4. 환경변수 우선순위 테스트 환경변수 우선순위가 올바르게 작동해야 함" name="프로토콜 누락 문제 해결 검증 4. 환경변수 우선순위 테스트 환경변수 우선순위가 올바르게 작동해야 함" time="0.001">
    </testcase>
    <testcase classname="프로토콜 누락 문제 해결 검증 5. 에러 상황 처리 검증 위험한 환경변수 패턴 감지 시 에러 발생" name="프로토콜 누락 문제 해결 검증 5. 에러 상황 처리 검증 위험한 환경변수 패턴 감지 시 에러 발생" time="0.001">
    </testcase>
    <testcase classname="프로토콜 누락 문제 해결 검증 5. 에러 상황 처리 검증 URL 검증 실패 시 명확한 에러 메시지" name="프로토콜 누락 문제 해결 검증 5. 에러 상황 처리 검증 URL 검증 실패 시 명확한 에러 메시지" time="0">
    </testcase>
    <testcase classname="프로토콜 누락 문제 해결 검증 6. 실제 사용 사례 검증 로그인 API 호출 URL 구성" name="프로토콜 누락 문제 해결 검증 6. 실제 사용 사례 검증 로그인 API 호출 URL 구성" time="0">
    </testcase>
    <testcase classname="프로토콜 누락 문제 해결 검증 6. 실제 사용 사례 검증 프로젝트 API 호출 URL 구성" name="프로토콜 누락 문제 해결 검증 6. 실제 사용 사례 검증 프로젝트 API 호출 URL 구성" time="0.001">
    </testcase>
    <testcase classname="프로토콜 누락 문제 해결 검증 6. 실제 사용 사례 검증 피드백 API 호출 URL 구성" name="프로토콜 누락 문제 해결 검증 6. 실제 사용 사례 검증 피드백 API 호출 URL 구성" time="0">
    </testcase>
    <testcase classname="프로토콜 누락 문제 해결 통합 테스트 전체 워크플로우 검증: 환경변수 → 정규화 → API 호출" name="프로토콜 누락 문제 해결 통합 테스트 전체 워크플로우 검증: 환경변수 → 정규화 → API 호출" time="0.002">
    </testcase>
    <testcase classname="프로토콜 누락 문제 해결 통합 테스트 다양한 입력 시나리오에서 일관된 결과" name="프로토콜 누락 문제 해결 통합 테스트 다양한 입력 시나리오에서 일관된 결과" time="0.006">
    </testcase>
  </testsuite>
</testsuites>